ERROR - 2022-06-07 03:58:19 --> Error connecting to the database: Access denied for user ''@'localhost' (using password: YES)
CRITICAL - 2022-06-07 03:58:19 --> Unable to connect to the database.
Main connection [MySQLi]: Access denied for user ''@'localhost' (using password: YES)
in SYSTEMPATH\Database\BaseConnection.php on line 415.
 1 SYSTEMPATH\Database\BaseConnection.php(585): CodeIgniter\Database\BaseConnection->initialize()
 2 APPPATH\Views\custom_view.php(12): CodeIgniter\Database\BaseConnection->query('SELECT * FROM employees LIMIT 1')
 3 SYSTEMPATH\View\View.php(213): include('APPPATH\\Views\\custom_view.php')
 4 SYSTEMPATH\View\View.php(216): CodeIgniter\View\View->CodeIgniter\View\{closure}()
 5 SYSTEMPATH\Common.php(1135): CodeIgniter\View\View->render('custom_view', [], true)
 6 APPPATH\Controllers\Home.php(15): view('custom_view')
 7 SYSTEMPATH\CodeIgniter.php(898): App\Controllers\Home->custom()
 8 SYSTEMPATH\CodeIgniter.php(468): CodeIgniter\CodeIgniter->runController(Object(App\Controllers\Home))
 9 SYSTEMPATH\CodeIgniter.php(351): CodeIgniter\CodeIgniter->handleRequest(null, Object(Config\Cache), false)
10 FCPATH\index.php(55): CodeIgniter\CodeIgniter->run()
11 SYSTEMPATH\Commands\Server\rewrite.php(43): require_once('FCPATH\\index.php')
ERROR - 2022-06-07 03:58:59 --> Error connecting to the database: Access denied for user ''@'localhost' (using password: YES)
CRITICAL - 2022-06-07 03:58:59 --> Unable to connect to the database.
Main connection [MySQLi]: Access denied for user ''@'localhost' (using password: YES)
in SYSTEMPATH\Database\BaseConnection.php on line 415.
 1 SYSTEMPATH\Database\BaseConnection.php(585): CodeIgniter\Database\BaseConnection->initialize()
 2 APPPATH\Views\custom_view.php(12): CodeIgniter\Database\BaseConnection->query('SELECT * FROM employees LIMIT 1')
 3 SYSTEMPATH\View\View.php(213): include('APPPATH\\Views\\custom_view.php')
 4 SYSTEMPATH\View\View.php(216): CodeIgniter\View\View->CodeIgniter\View\{closure}()
 5 SYSTEMPATH\Common.php(1135): CodeIgniter\View\View->render('custom_view', [], true)
 6 APPPATH\Controllers\Home.php(15): view('custom_view')
 7 SYSTEMPATH\CodeIgniter.php(898): App\Controllers\Home->custom()
 8 SYSTEMPATH\CodeIgniter.php(468): CodeIgniter\CodeIgniter->runController(Object(App\Controllers\Home))
 9 SYSTEMPATH\CodeIgniter.php(351): CodeIgniter\CodeIgniter->handleRequest(null, Object(Config\Cache), false)
10 FCPATH\index.php(55): CodeIgniter\CodeIgniter->run()
11 SYSTEMPATH\Commands\Server\rewrite.php(43): require_once('FCPATH\\index.php')
ERROR - 2022-06-07 04:00:04 --> Error connecting to the database: Access denied for user ''@'localhost' (using password: YES)
CRITICAL - 2022-06-07 04:00:04 --> Unable to connect to the database.
Main connection [MySQLi]: Access denied for user ''@'localhost' (using password: YES)
in SYSTEMPATH\Database\BaseConnection.php on line 415.
 1 SYSTEMPATH\Database\BaseConnection.php(585): CodeIgniter\Database\BaseConnection->initialize()
 2 APPPATH\Views\custom_view.php(12): CodeIgniter\Database\BaseConnection->query('SELECT * FROM employees LIMIT 1')
 3 SYSTEMPATH\View\View.php(213): include('APPPATH\\Views\\custom_view.php')
 4 SYSTEMPATH\View\View.php(216): CodeIgniter\View\View->CodeIgniter\View\{closure}()
 5 SYSTEMPATH\Common.php(1135): CodeIgniter\View\View->render('custom_view', [], true)
 6 APPPATH\Controllers\Home.php(15): view('custom_view')
 7 SYSTEMPATH\CodeIgniter.php(898): App\Controllers\Home->custom()
 8 SYSTEMPATH\CodeIgniter.php(468): CodeIgniter\CodeIgniter->runController(Object(App\Controllers\Home))
 9 SYSTEMPATH\CodeIgniter.php(351): CodeIgniter\CodeIgniter->handleRequest(null, Object(Config\Cache), false)
10 FCPATH\index.php(55): CodeIgniter\CodeIgniter->run()
11 SYSTEMPATH\Commands\Server\rewrite.php(43): require_once('FCPATH\\index.php')
ERROR - 2022-06-07 04:00:16 --> Error connecting to the database: Access denied for user ''@'localhost' (using password: YES)
CRITICAL - 2022-06-07 04:00:16 --> Unable to connect to the database.
Main connection [MySQLi]: Access denied for user ''@'localhost' (using password: YES)
in SYSTEMPATH\Database\BaseConnection.php on line 415.
 1 SYSTEMPATH\Database\BaseConnection.php(585): CodeIgniter\Database\BaseConnection->initialize()
 2 APPPATH\Views\custom_view.php(12): CodeIgniter\Database\BaseConnection->query('SELECT * FROM employees LIMIT 1')
 3 SYSTEMPATH\View\View.php(213): include('APPPATH\\Views\\custom_view.php')
 4 SYSTEMPATH\View\View.php(216): CodeIgniter\View\View->CodeIgniter\View\{closure}()
 5 SYSTEMPATH\Common.php(1135): CodeIgniter\View\View->render('custom_view', [], true)
 6 APPPATH\Controllers\Home.php(15): view('custom_view')
 7 SYSTEMPATH\CodeIgniter.php(898): App\Controllers\Home->custom()
 8 SYSTEMPATH\CodeIgniter.php(468): CodeIgniter\CodeIgniter->runController(Object(App\Controllers\Home))
 9 SYSTEMPATH\CodeIgniter.php(351): CodeIgniter\CodeIgniter->handleRequest(null, Object(Config\Cache), false)
10 FCPATH\index.php(55): CodeIgniter\CodeIgniter->run()
11 SYSTEMPATH\Commands\Server\rewrite.php(43): require_once('FCPATH\\index.php')
ERROR - 2022-06-07 04:00:29 --> Error connecting to the database: Access denied for user ''@'localhost' (using password: YES)
CRITICAL - 2022-06-07 04:00:29 --> Unable to connect to the database.
Main connection [MySQLi]: Access denied for user ''@'localhost' (using password: YES)
in SYSTEMPATH\Database\BaseConnection.php on line 415.
 1 SYSTEMPATH\Database\BaseConnection.php(585): CodeIgniter\Database\BaseConnection->initialize()
 2 APPPATH\Views\custom_view.php(12): CodeIgniter\Database\BaseConnection->query('SELECT * FROM employees LIMIT 1')
 3 SYSTEMPATH\View\View.php(213): include('APPPATH\\Views\\custom_view.php')
 4 SYSTEMPATH\View\View.php(216): CodeIgniter\View\View->CodeIgniter\View\{closure}()
 5 SYSTEMPATH\Common.php(1135): CodeIgniter\View\View->render('custom_view', [], true)
 6 APPPATH\Controllers\Home.php(15): view('custom_view')
 7 SYSTEMPATH\CodeIgniter.php(898): App\Controllers\Home->custom()
 8 SYSTEMPATH\CodeIgniter.php(468): CodeIgniter\CodeIgniter->runController(Object(App\Controllers\Home))
 9 SYSTEMPATH\CodeIgniter.php(351): CodeIgniter\CodeIgniter->handleRequest(null, Object(Config\Cache), false)
10 FCPATH\index.php(55): CodeIgniter\CodeIgniter->run()
11 SYSTEMPATH\Commands\Server\rewrite.php(43): require_once('FCPATH\\index.php')
ERROR - 2022-06-07 04:01:43 --> Error connecting to the database: Access denied for user ''@'localhost' (using password: YES)
CRITICAL - 2022-06-07 04:01:43 --> Unable to connect to the database.
Main connection [MySQLi]: Access denied for user ''@'localhost' (using password: YES)
in SYSTEMPATH\Database\BaseConnection.php on line 415.
 1 SYSTEMPATH\Database\BaseConnection.php(585): CodeIgniter\Database\BaseConnection->initialize()
 2 APPPATH\Controllers\Home.php(15): CodeIgniter\Database\BaseConnection->query('SELECT * FROM employees LIMIT 1')
 3 SYSTEMPATH\CodeIgniter.php(898): App\Controllers\Home->custom()
 4 SYSTEMPATH\CodeIgniter.php(468): CodeIgniter\CodeIgniter->runController(Object(App\Controllers\Home))
 5 SYSTEMPATH\CodeIgniter.php(351): CodeIgniter\CodeIgniter->handleRequest(null, Object(Config\Cache), false)
 6 FCPATH\index.php(55): CodeIgniter\CodeIgniter->run()
 7 SYSTEMPATH\Commands\Server\rewrite.php(43): require_once('FCPATH\\index.php')
ERROR - 2022-06-07 04:02:37 --> Error connecting to the database: Access denied for user ''@'localhost' (using password: YES)
CRITICAL - 2022-06-07 04:02:37 --> Unable to connect to the database.
Main connection [MySQLi]: Access denied for user ''@'localhost' (using password: YES)
in SYSTEMPATH\Database\BaseConnection.php on line 415.
 1 SYSTEMPATH\Database\BaseConnection.php(585): CodeIgniter\Database\BaseConnection->initialize()
 2 APPPATH\Controllers\Home.php(15): CodeIgniter\Database\BaseConnection->query('SELECT * FROM employees LIMIT 1')
 3 SYSTEMPATH\CodeIgniter.php(898): App\Controllers\Home->custom()
 4 SYSTEMPATH\CodeIgniter.php(468): CodeIgniter\CodeIgniter->runController(Object(App\Controllers\Home))
 5 SYSTEMPATH\CodeIgniter.php(351): CodeIgniter\CodeIgniter->handleRequest(null, Object(Config\Cache), false)
 6 FCPATH\index.php(55): CodeIgniter\CodeIgniter->run()
 7 SYSTEMPATH\Commands\Server\rewrite.php(43): require_once('FCPATH\\index.php')
ERROR - 2022-06-07 04:03:58 --> Error connecting to the database: Access denied for user ''@'localhost' (using password: YES)
CRITICAL - 2022-06-07 04:03:58 --> Unable to connect to the database.
Main connection [MySQLi]: Access denied for user ''@'localhost' (using password: YES)
in SYSTEMPATH\Database\BaseConnection.php on line 415.
 1 SYSTEMPATH\Database\BaseConnection.php(585): CodeIgniter\Database\BaseConnection->initialize()
 2 APPPATH\Controllers\Home.php(15): CodeIgniter\Database\BaseConnection->query('SELECT * FROM employees LIMIT 1')
 3 SYSTEMPATH\CodeIgniter.php(898): App\Controllers\Home->custom()
 4 SYSTEMPATH\CodeIgniter.php(468): CodeIgniter\CodeIgniter->runController(Object(App\Controllers\Home))
 5 SYSTEMPATH\CodeIgniter.php(351): CodeIgniter\CodeIgniter->handleRequest(null, Object(Config\Cache), false)
 6 FCPATH\index.php(55): CodeIgniter\CodeIgniter->run()
 7 SYSTEMPATH\Commands\Server\rewrite.php(43): require_once('FCPATH\\index.php')
ERROR - 2022-06-07 04:05:38 --> Error connecting to the database: Access denied for user ''@'localhost' (using password: YES)
CRITICAL - 2022-06-07 04:05:38 --> Unable to connect to the database.
Main connection [MySQLi]: Access denied for user ''@'localhost' (using password: YES)
in SYSTEMPATH\Database\BaseConnection.php on line 415.
 1 SYSTEMPATH\Database\BaseConnection.php(585): CodeIgniter\Database\BaseConnection->initialize()
 2 APPPATH\Controllers\Home.php(15): CodeIgniter\Database\BaseConnection->query('SELECT * FROM employees LIMIT 1')
 3 SYSTEMPATH\CodeIgniter.php(898): App\Controllers\Home->custom()
 4 SYSTEMPATH\CodeIgniter.php(468): CodeIgniter\CodeIgniter->runController(Object(App\Controllers\Home))
 5 SYSTEMPATH\CodeIgniter.php(351): CodeIgniter\CodeIgniter->handleRequest(null, Object(Config\Cache), false)
 6 FCPATH\index.php(55): CodeIgniter\CodeIgniter->run()
 7 SYSTEMPATH\Commands\Server\rewrite.php(43): require_once('FCPATH\\index.php')
ERROR - 2022-06-07 04:05:51 --> Error connecting to the database: Access denied for user ''@'localhost' (using password: YES)
CRITICAL - 2022-06-07 04:05:51 --> Unable to connect to the database.
Main connection [MySQLi]: Access denied for user ''@'localhost' (using password: YES)
in SYSTEMPATH\Database\BaseConnection.php on line 415.
 1 SYSTEMPATH\Database\BaseConnection.php(585): CodeIgniter\Database\BaseConnection->initialize()
 2 APPPATH\Controllers\Home.php(15): CodeIgniter\Database\BaseConnection->query('SELECT * FROM employees LIMIT 1')
 3 SYSTEMPATH\CodeIgniter.php(898): App\Controllers\Home->custom()
 4 SYSTEMPATH\CodeIgniter.php(468): CodeIgniter\CodeIgniter->runController(Object(App\Controllers\Home))
 5 SYSTEMPATH\CodeIgniter.php(351): CodeIgniter\CodeIgniter->handleRequest(null, Object(Config\Cache), false)
 6 FCPATH\index.php(55): CodeIgniter\CodeIgniter->run()
 7 SYSTEMPATH\Commands\Server\rewrite.php(43): require_once('FCPATH\\index.php')
ERROR - 2022-06-07 04:06:13 --> Error connecting to the database: Access denied for user ''@'localhost' (using password: YES)
CRITICAL - 2022-06-07 04:06:13 --> Unable to connect to the database.
Main connection [MySQLi]: Access denied for user ''@'localhost' (using password: YES)
in SYSTEMPATH\Database\BaseConnection.php on line 415.
 1 SYSTEMPATH\Database\BaseConnection.php(585): CodeIgniter\Database\BaseConnection->initialize()
 2 APPPATH\Controllers\Home.php(15): CodeIgniter\Database\BaseConnection->query('SELECT * FROM employees LIMIT 1')
 3 SYSTEMPATH\CodeIgniter.php(898): App\Controllers\Home->custom()
 4 SYSTEMPATH\CodeIgniter.php(468): CodeIgniter\CodeIgniter->runController(Object(App\Controllers\Home))
 5 SYSTEMPATH\CodeIgniter.php(351): CodeIgniter\CodeIgniter->handleRequest(null, Object(Config\Cache), false)
 6 FCPATH\index.php(55): CodeIgniter\CodeIgniter->run()
 7 SYSTEMPATH\Commands\Server\rewrite.php(43): require_once('FCPATH\\index.php')
ERROR - 2022-06-07 04:09:21 --> Error connecting to the database: Access denied for user ''@'localhost' (using password: YES)
CRITICAL - 2022-06-07 04:09:21 --> Unable to connect to the database.
Main connection [MySQLi]: Access denied for user ''@'localhost' (using password: YES)
in SYSTEMPATH\Database\BaseConnection.php on line 415.
 1 SYSTEMPATH\Database\BaseConnection.php(585): CodeIgniter\Database\BaseConnection->initialize()
 2 APPPATH\Views\custom_view.php(12): CodeIgniter\Database\BaseConnection->query('SELECT * FROM employees LIMIT 1')
 3 SYSTEMPATH\View\View.php(213): include('APPPATH\\Views\\custom_view.php')
 4 SYSTEMPATH\View\View.php(216): CodeIgniter\View\View->CodeIgniter\View\{closure}()
 5 SYSTEMPATH\Common.php(1135): CodeIgniter\View\View->render('custom_view', [], true)
 6 APPPATH\Controllers\Home.php(17): view('custom_view')
 7 SYSTEMPATH\CodeIgniter.php(898): App\Controllers\Home->custom()
 8 SYSTEMPATH\CodeIgniter.php(468): CodeIgniter\CodeIgniter->runController(Object(App\Controllers\Home))
 9 SYSTEMPATH\CodeIgniter.php(351): CodeIgniter\CodeIgniter->handleRequest(null, Object(Config\Cache), false)
10 FCPATH\index.php(55): CodeIgniter\CodeIgniter->run()
11 SYSTEMPATH\Commands\Server\rewrite.php(43): require_once('FCPATH\\index.php')
ERROR - 2022-06-07 04:10:44 --> Error connecting to the database: Access denied for user ''@'localhost' (using password: YES)
CRITICAL - 2022-06-07 04:10:44 --> Unable to connect to the database.
Main connection [MySQLi]: Access denied for user ''@'localhost' (using password: YES)
in SYSTEMPATH\Database\BaseConnection.php on line 415.
 1 SYSTEMPATH\Database\BaseConnection.php(585): CodeIgniter\Database\BaseConnection->initialize()
 2 APPPATH\Views\custom_view.php(12): CodeIgniter\Database\BaseConnection->query('SELECT * FROM employees LIMIT 1')
 3 SYSTEMPATH\View\View.php(213): include('APPPATH\\Views\\custom_view.php')
 4 SYSTEMPATH\View\View.php(216): CodeIgniter\View\View->CodeIgniter\View\{closure}()
 5 SYSTEMPATH\Common.php(1135): CodeIgniter\View\View->render('custom_view', [], true)
 6 APPPATH\Controllers\Home.php(17): view('custom_view')
 7 SYSTEMPATH\CodeIgniter.php(898): App\Controllers\Home->custom()
 8 SYSTEMPATH\CodeIgniter.php(468): CodeIgniter\CodeIgniter->runController(Object(App\Controllers\Home))
 9 SYSTEMPATH\CodeIgniter.php(351): CodeIgniter\CodeIgniter->handleRequest(null, Object(Config\Cache), false)
10 FCPATH\index.php(55): CodeIgniter\CodeIgniter->run()
11 SYSTEMPATH\Commands\Server\rewrite.php(43): require_once('FCPATH\\index.php')
ERROR - 2022-06-07 04:10:55 --> Error connecting to the database: Access denied for user ''@'localhost' (using password: YES)
CRITICAL - 2022-06-07 04:10:55 --> Unable to connect to the database.
Main connection [MySQLi]: Access denied for user ''@'localhost' (using password: YES)
in SYSTEMPATH\Database\BaseConnection.php on line 415.
 1 SYSTEMPATH\Database\BaseConnection.php(585): CodeIgniter\Database\BaseConnection->initialize()
 2 APPPATH\Views\custom_view.php(12): CodeIgniter\Database\BaseConnection->query('SELECT * FROM employees LIMIT 1')
 3 SYSTEMPATH\View\View.php(213): include('APPPATH\\Views\\custom_view.php')
 4 SYSTEMPATH\View\View.php(216): CodeIgniter\View\View->CodeIgniter\View\{closure}()
 5 SYSTEMPATH\Common.php(1135): CodeIgniter\View\View->render('custom_view', [], true)
 6 APPPATH\Controllers\Home.php(17): view('custom_view')
 7 SYSTEMPATH\CodeIgniter.php(898): App\Controllers\Home->custom()
 8 SYSTEMPATH\CodeIgniter.php(468): CodeIgniter\CodeIgniter->runController(Object(App\Controllers\Home))
 9 SYSTEMPATH\CodeIgniter.php(351): CodeIgniter\CodeIgniter->handleRequest(null, Object(Config\Cache), false)
10 FCPATH\index.php(55): CodeIgniter\CodeIgniter->run()
11 SYSTEMPATH\Commands\Server\rewrite.php(43): require_once('FCPATH\\index.php')
ERROR - 2022-06-07 04:12:20 --> Error connecting to the database: Access denied for user ''@'localhost' (using password: YES)
CRITICAL - 2022-06-07 04:12:20 --> Unable to connect to the database.
Main connection [MySQLi]: Access denied for user ''@'localhost' (using password: YES)
in SYSTEMPATH\Database\BaseConnection.php on line 415.
 1 SYSTEMPATH\Database\BaseConnection.php(585): CodeIgniter\Database\BaseConnection->initialize()
 2 APPPATH\Views\custom_view.php(14): CodeIgniter\Database\BaseConnection->query('SELECT * FROM employees LIMIT 1')
 3 SYSTEMPATH\View\View.php(213): include('APPPATH\\Views\\custom_view.php')
 4 SYSTEMPATH\View\View.php(216): CodeIgniter\View\View->CodeIgniter\View\{closure}()
 5 SYSTEMPATH\Common.php(1135): CodeIgniter\View\View->render('custom_view', [], true)
 6 APPPATH\Controllers\Home.php(17): view('custom_view')
 7 SYSTEMPATH\CodeIgniter.php(898): App\Controllers\Home->custom()
 8 SYSTEMPATH\CodeIgniter.php(468): CodeIgniter\CodeIgniter->runController(Object(App\Controllers\Home))
 9 SYSTEMPATH\CodeIgniter.php(351): CodeIgniter\CodeIgniter->handleRequest(null, Object(Config\Cache), false)
10 FCPATH\index.php(55): CodeIgniter\CodeIgniter->run()
11 SYSTEMPATH\Commands\Server\rewrite.php(43): require_once('FCPATH\\index.php')
ERROR - 2022-06-07 04:17:17 --> Error connecting to the database: Access denied for user ''@'localhost' (using password: YES)
CRITICAL - 2022-06-07 04:17:17 --> Unable to connect to the database.
Main connection [MySQLi]: Access denied for user ''@'localhost' (using password: YES)
in SYSTEMPATH\Database\BaseConnection.php on line 415.
 1 SYSTEMPATH\Database\BaseConnection.php(585): CodeIgniter\Database\BaseConnection->initialize()
 2 APPPATH\Controllers\Home.php(15): CodeIgniter\Database\BaseConnection->query('SELECT * FROM employees LIMIT 1')
 3 SYSTEMPATH\CodeIgniter.php(898): App\Controllers\Home->custom()
 4 SYSTEMPATH\CodeIgniter.php(468): CodeIgniter\CodeIgniter->runController(Object(App\Controllers\Home))
 5 SYSTEMPATH\CodeIgniter.php(351): CodeIgniter\CodeIgniter->handleRequest(null, Object(Config\Cache), false)
 6 FCPATH\index.php(55): CodeIgniter\CodeIgniter->run()
 7 SYSTEMPATH\Commands\Server\rewrite.php(43): require_once('FCPATH\\index.php')
ERROR - 2022-06-07 04:17:19 --> Error connecting to the database: Access denied for user ''@'localhost' (using password: YES)
CRITICAL - 2022-06-07 04:17:19 --> Unable to connect to the database.
Main connection [MySQLi]: Access denied for user ''@'localhost' (using password: YES)
in SYSTEMPATH\Database\BaseConnection.php on line 415.
 1 SYSTEMPATH\Database\BaseConnection.php(585): CodeIgniter\Database\BaseConnection->initialize()
 2 APPPATH\Controllers\Home.php(15): CodeIgniter\Database\BaseConnection->query('SELECT * FROM employees LIMIT 1')
 3 SYSTEMPATH\CodeIgniter.php(898): App\Controllers\Home->custom()
 4 SYSTEMPATH\CodeIgniter.php(468): CodeIgniter\CodeIgniter->runController(Object(App\Controllers\Home))
 5 SYSTEMPATH\CodeIgniter.php(351): CodeIgniter\CodeIgniter->handleRequest(null, Object(Config\Cache), false)
 6 FCPATH\index.php(55): CodeIgniter\CodeIgniter->run()
 7 SYSTEMPATH\Commands\Server\rewrite.php(43): require_once('FCPATH\\index.php')
ERROR - 2022-06-07 04:20:57 --> Error connecting to the database: Access denied for user ''@'localhost' (using password: YES)
CRITICAL - 2022-06-07 04:20:57 --> Unable to connect to the database.
Main connection [MySQLi]: Access denied for user ''@'localhost' (using password: YES)
in SYSTEMPATH\Database\BaseConnection.php on line 415.
 1 SYSTEMPATH\Database\BaseConnection.php(585): CodeIgniter\Database\BaseConnection->initialize()
 2 APPPATH\Controllers\Home.php(15): CodeIgniter\Database\BaseConnection->query('SELECT * FROM employees LIMIT 1')
 3 SYSTEMPATH\CodeIgniter.php(898): App\Controllers\Home->custom()
 4 SYSTEMPATH\CodeIgniter.php(468): CodeIgniter\CodeIgniter->runController(Object(App\Controllers\Home))
 5 SYSTEMPATH\CodeIgniter.php(351): CodeIgniter\CodeIgniter->handleRequest(null, Object(Config\Cache), false)
 6 FCPATH\index.php(55): CodeIgniter\CodeIgniter->run()
 7 SYSTEMPATH\Commands\Server\rewrite.php(43): require_once('FCPATH\\index.php')
ERROR - 2022-06-07 04:21:17 --> Error connecting to the database: Access denied for user ''@'localhost' (using password: YES)
CRITICAL - 2022-06-07 04:21:17 --> Unable to connect to the database.
Main connection [MySQLi]: Access denied for user ''@'localhost' (using password: YES)
in SYSTEMPATH\Database\BaseConnection.php on line 415.
 1 SYSTEMPATH\Database\BaseConnection.php(585): CodeIgniter\Database\BaseConnection->initialize()
 2 APPPATH\Controllers\Home.php(15): CodeIgniter\Database\BaseConnection->query('SELECT * FROM employees LIMIT 1')
 3 SYSTEMPATH\CodeIgniter.php(898): App\Controllers\Home->custom()
 4 SYSTEMPATH\CodeIgniter.php(468): CodeIgniter\CodeIgniter->runController(Object(App\Controllers\Home))
 5 SYSTEMPATH\CodeIgniter.php(351): CodeIgniter\CodeIgniter->handleRequest(null, Object(Config\Cache), false)
 6 FCPATH\index.php(55): CodeIgniter\CodeIgniter->run()
 7 SYSTEMPATH\Commands\Server\rewrite.php(43): require_once('FCPATH\\index.php')
ERROR - 2022-06-07 04:24:00 --> Error connecting to the database: Access denied for user ''@'localhost' (using password: YES)
CRITICAL - 2022-06-07 04:24:00 --> Unable to connect to the database.
Main connection [MySQLi]: Access denied for user ''@'localhost' (using password: YES)
in SYSTEMPATH\Database\BaseConnection.php on line 415.
 1 SYSTEMPATH\Database\BaseConnection.php(585): CodeIgniter\Database\BaseConnection->initialize()
 2 APPPATH\Controllers\Home.php(15): CodeIgniter\Database\BaseConnection->query('SELECT * FROM employees LIMIT 1')
 3 SYSTEMPATH\CodeIgniter.php(898): App\Controllers\Home->custom()
 4 SYSTEMPATH\CodeIgniter.php(468): CodeIgniter\CodeIgniter->runController(Object(App\Controllers\Home))
 5 SYSTEMPATH\CodeIgniter.php(351): CodeIgniter\CodeIgniter->handleRequest(null, Object(Config\Cache), false)
 6 FCPATH\index.php(55): CodeIgniter\CodeIgniter->run()
 7 SYSTEMPATH\Commands\Server\rewrite.php(43): require_once('FCPATH\\index.php')
ERROR - 2022-06-07 04:25:13 --> Error connecting to the database: Access denied for user ''@'localhost' (using password: YES)
CRITICAL - 2022-06-07 04:25:13 --> Unable to connect to the database.
Main connection [MySQLi]: Access denied for user ''@'localhost' (using password: YES)
in SYSTEMPATH\Database\BaseConnection.php on line 415.
 1 SYSTEMPATH\Database\BaseConnection.php(585): CodeIgniter\Database\BaseConnection->initialize()
 2 APPPATH\Views\custom_view.php(12): CodeIgniter\Database\BaseConnection->query('SELECT * FROM employees LIMIT 1')
 3 SYSTEMPATH\View\View.php(213): include('APPPATH\\Views\\custom_view.php')
 4 SYSTEMPATH\View\View.php(216): CodeIgniter\View\View->CodeIgniter\View\{closure}()
 5 SYSTEMPATH\Common.php(1135): CodeIgniter\View\View->render('custom_view', [], true)
 6 APPPATH\Controllers\Home.php(18): view('custom_view')
 7 SYSTEMPATH\CodeIgniter.php(898): App\Controllers\Home->custom()
 8 SYSTEMPATH\CodeIgniter.php(468): CodeIgniter\CodeIgniter->runController(Object(App\Controllers\Home))
 9 SYSTEMPATH\CodeIgniter.php(351): CodeIgniter\CodeIgniter->handleRequest(null, Object(Config\Cache), false)
10 FCPATH\index.php(55): CodeIgniter\CodeIgniter->run()
11 SYSTEMPATH\Commands\Server\rewrite.php(43): require_once('FCPATH\\index.php')
ERROR - 2022-06-07 04:25:46 --> Error connecting to the database: Access denied for user ''@'localhost' (using password: YES)
CRITICAL - 2022-06-07 04:25:46 --> Unable to connect to the database.
Main connection [MySQLi]: Access denied for user ''@'localhost' (using password: YES)
in SYSTEMPATH\Database\BaseConnection.php on line 415.
 1 SYSTEMPATH\Database\BaseConnection.php(585): CodeIgniter\Database\BaseConnection->initialize()
 2 APPPATH\Controllers\Home.php(15): CodeIgniter\Database\BaseConnection->query('SELECT * FROM employees LIMIT 1')
 3 SYSTEMPATH\CodeIgniter.php(898): App\Controllers\Home->custom()
 4 SYSTEMPATH\CodeIgniter.php(468): CodeIgniter\CodeIgniter->runController(Object(App\Controllers\Home))
 5 SYSTEMPATH\CodeIgniter.php(351): CodeIgniter\CodeIgniter->handleRequest(null, Object(Config\Cache), false)
 6 FCPATH\index.php(55): CodeIgniter\CodeIgniter->run()
 7 SYSTEMPATH\Commands\Server\rewrite.php(43): require_once('FCPATH\\index.php')
CRITICAL - 2022-06-07 04:29:16 --> Undefined variable $row
in APPPATH\Views\custom_view.php on line 11.
 1 APPPATH\Views\custom_view.php(11): CodeIgniter\Debug\Exceptions->errorHandler(2, 'Undefined variable $row', 'APPPATH\\Views\\custom_view.php', 11)
 2 SYSTEMPATH\View\View.php(213): include('APPPATH\\Views\\custom_view.php')
 3 SYSTEMPATH\View\View.php(216): CodeIgniter\View\View->CodeIgniter\View\{closure}()
 4 SYSTEMPATH\Common.php(1135): CodeIgniter\View\View->render('custom_view', [], true)
 5 APPPATH\Controllers\Home.php(17): view('custom_view', [...])
 6 SYSTEMPATH\CodeIgniter.php(898): App\Controllers\Home->custom()
 7 SYSTEMPATH\CodeIgniter.php(468): CodeIgniter\CodeIgniter->runController(Object(App\Controllers\Home))
 8 SYSTEMPATH\CodeIgniter.php(351): CodeIgniter\CodeIgniter->handleRequest(null, Object(Config\Cache), false)
 9 FCPATH\index.php(55): CodeIgniter\CodeIgniter->run()
10 SYSTEMPATH\Commands\Server\rewrite.php(43): require_once('FCPATH\\index.php')
CRITICAL - 2022-06-07 04:29:36 --> Object of class stdClass could not be converted to string
in APPPATH\Views\custom_view.php on line 11.
 1 SYSTEMPATH\View\View.php(213): include()
 2 SYSTEMPATH\View\View.php(216): CodeIgniter\View\View->CodeIgniter\View\{closure}()
 3 SYSTEMPATH\Common.php(1135): CodeIgniter\View\View->render('custom_view', [], true)
 4 APPPATH\Controllers\Home.php(17): view('custom_view', [...])
 5 SYSTEMPATH\CodeIgniter.php(898): App\Controllers\Home->custom()
 6 SYSTEMPATH\CodeIgniter.php(468): CodeIgniter\CodeIgniter->runController(Object(App\Controllers\Home))
 7 SYSTEMPATH\CodeIgniter.php(351): CodeIgniter\CodeIgniter->handleRequest(null, Object(Config\Cache), false)
 8 FCPATH\index.php(55): CodeIgniter\CodeIgniter->run()
 9 SYSTEMPATH\Commands\Server\rewrite.php(43): require_once('FCPATH\\index.php')
CRITICAL - 2022-06-07 04:30:03 --> Undefined variable $row
in APPPATH\Views\custom_view.php on line 11.
 1 APPPATH\Views\custom_view.php(11): CodeIgniter\Debug\Exceptions->errorHandler(2, 'Undefined variable $row', 'APPPATH\\Views\\custom_view.php', 11)
 2 SYSTEMPATH\View\View.php(213): include('APPPATH\\Views\\custom_view.php')
 3 SYSTEMPATH\View\View.php(216): CodeIgniter\View\View->CodeIgniter\View\{closure}()
 4 SYSTEMPATH\Common.php(1135): CodeIgniter\View\View->render('custom_view', [], true)
 5 APPPATH\Controllers\Home.php(17): view('custom_view', [...])
 6 SYSTEMPATH\CodeIgniter.php(898): App\Controllers\Home->custom()
 7 SYSTEMPATH\CodeIgniter.php(468): CodeIgniter\CodeIgniter->runController(Object(App\Controllers\Home))
 8 SYSTEMPATH\CodeIgniter.php(351): CodeIgniter\CodeIgniter->handleRequest(null, Object(Config\Cache), false)
 9 FCPATH\index.php(55): CodeIgniter\CodeIgniter->run()
10 SYSTEMPATH\Commands\Server\rewrite.php(43): require_once('FCPATH\\index.php')
CRITICAL - 2022-06-07 06:01:18 --> Attempt to read property "name" on array
in APPPATH\Views\custom_view.php on line 11.
 1 APPPATH\Views\custom_view.php(11): CodeIgniter\Debug\Exceptions->errorHandler(2, 'Attempt to read property "name" on array', 'APPPATH\\Views\\custom_view.php', 11)
 2 SYSTEMPATH\View\View.php(213): include('APPPATH\\Views\\custom_view.php')
 3 SYSTEMPATH\View\View.php(216): CodeIgniter\View\View->CodeIgniter\View\{closure}()
 4 SYSTEMPATH\Common.php(1135): CodeIgniter\View\View->render('custom_view', [], true)
 5 APPPATH\Controllers\Home.php(22): view('custom_view', [...])
 6 SYSTEMPATH\CodeIgniter.php(898): App\Controllers\Home->custom()
 7 SYSTEMPATH\CodeIgniter.php(468): CodeIgniter\CodeIgniter->runController(Object(App\Controllers\Home))
 8 SYSTEMPATH\CodeIgniter.php(351): CodeIgniter\CodeIgniter->handleRequest(null, Object(Config\Cache), false)
 9 FCPATH\index.php(55): CodeIgniter\CodeIgniter->run()
10 SYSTEMPATH\Commands\Server\rewrite.php(43): require_once('FCPATH\\index.php')
CRITICAL - 2022-06-07 06:23:13 --> Undefined property: App\Controllers\Home::$db
in APPPATH\Controllers\BaseController.php on line 47.
 1 APPPATH\Controllers\BaseController.php(47): CodeIgniter\Debug\Exceptions->errorHandler(2, 'Undefined property: App\\Controllers\\Home::$db', 'APPPATH\\Controllers\\BaseController.php', 47)
 2 SYSTEMPATH\CodeIgniter.php(861): App\Controllers\BaseController->initController(Object(CodeIgniter\HTTP\IncomingRequest), Object(CodeIgniter\HTTP\Response), Object(CodeIgniter\Log\Logger))
 3 SYSTEMPATH\CodeIgniter.php(459): CodeIgniter\CodeIgniter->createController()
 4 SYSTEMPATH\CodeIgniter.php(351): CodeIgniter\CodeIgniter->handleRequest(null, Object(Config\Cache), false)
 5 FCPATH\index.php(55): CodeIgniter\CodeIgniter->run()
 6 SYSTEMPATH\Commands\Server\rewrite.php(43): require_once('FCPATH\\index.php')
CRITICAL - 2022-06-07 08:45:25 --> Too few arguments to function App\Controllers\Evaluator::index(), 0 passed in C:\wamp64\www\codeigniter4\system\CodeIgniter.php on line 898 and exactly 1 expected
in APPPATH\Controllers\Evaluator.php on line 9.
 1 SYSTEMPATH\CodeIgniter.php(898): App\Controllers\Evaluator->index()
 2 SYSTEMPATH\CodeIgniter.php(468): CodeIgniter\CodeIgniter->runController(Object(App\Controllers\Evaluator))
 3 SYSTEMPATH\CodeIgniter.php(351): CodeIgniter\CodeIgniter->handleRequest(null, Object(Config\Cache), false)
 4 FCPATH\index.php(55): CodeIgniter\CodeIgniter->run()
 5 SYSTEMPATH\Commands\Server\rewrite.php(43): require_once('FCPATH\\index.php')
CRITICAL - 2022-06-07 08:47:24 --> Too few arguments to function App\Controllers\Evaluator::index(), 0 passed in C:\wamp64\www\codeigniter4\system\CodeIgniter.php on line 898 and exactly 1 expected
in APPPATH\Controllers\Evaluator.php on line 9.
 1 SYSTEMPATH\CodeIgniter.php(898): App\Controllers\Evaluator->index()
 2 SYSTEMPATH\CodeIgniter.php(468): CodeIgniter\CodeIgniter->runController(Object(App\Controllers\Evaluator))
 3 SYSTEMPATH\CodeIgniter.php(351): CodeIgniter\CodeIgniter->handleRequest(null, Object(Config\Cache), false)
 4 FCPATH\index.php(55): CodeIgniter\CodeIgniter->run()
 5 SYSTEMPATH\Commands\Server\rewrite.php(43): require_once('FCPATH\\index.php')
CRITICAL - 2022-06-07 09:07:10 --> Undefined property: stdClass::$name
in APPPATH\Views\custom_view.php on line 22.
 1 APPPATH\Views\custom_view.php(22): CodeIgniter\Debug\Exceptions->errorHandler(2, 'Undefined property: stdClass::$name', 'APPPATH\\Views\\custom_view.php', 22)
 2 SYSTEMPATH\View\View.php(213): include('APPPATH\\Views\\custom_view.php')
 3 SYSTEMPATH\View\View.php(216): CodeIgniter\View\View->CodeIgniter\View\{closure}()
 4 SYSTEMPATH\Common.php(1135): CodeIgniter\View\View->render('custom_view', [], true)
 5 APPPATH\Controllers\Employee.php(26): view('custom_view', [...])
 6 APPPATH\Controllers\Evaluator.php(13): App\Controllers\Employee->Employees('1')
 7 SYSTEMPATH\CodeIgniter.php(898): App\Controllers\Evaluator->index('1')
 8 SYSTEMPATH\CodeIgniter.php(468): CodeIgniter\CodeIgniter->runController(Object(App\Controllers\Evaluator))
 9 SYSTEMPATH\CodeIgniter.php(351): CodeIgniter\CodeIgniter->handleRequest(null, Object(Config\Cache), false)
10 FCPATH\index.php(55): CodeIgniter\CodeIgniter->run()
11 SYSTEMPATH\Commands\Server\rewrite.php(43): require_once('FCPATH\\index.php')
CRITICAL - 2022-06-07 09:07:46 --> Undefined property: stdClass::$name
in APPPATH\Views\custom_view.php on line 22.
 1 APPPATH\Views\custom_view.php(22): CodeIgniter\Debug\Exceptions->errorHandler(2, 'Undefined property: stdClass::$name', 'APPPATH\\Views\\custom_view.php', 22)
 2 SYSTEMPATH\View\View.php(213): include('APPPATH\\Views\\custom_view.php')
 3 SYSTEMPATH\View\View.php(216): CodeIgniter\View\View->CodeIgniter\View\{closure}()
 4 SYSTEMPATH\Common.php(1135): CodeIgniter\View\View->render('custom_view', [], true)
 5 APPPATH\Controllers\Employee.php(26): view('custom_view', [...])
 6 APPPATH\Controllers\Evaluator.php(13): App\Controllers\Employee->Employees('1')
 7 SYSTEMPATH\CodeIgniter.php(898): App\Controllers\Evaluator->index('1')
 8 SYSTEMPATH\CodeIgniter.php(468): CodeIgniter\CodeIgniter->runController(Object(App\Controllers\Evaluator))
 9 SYSTEMPATH\CodeIgniter.php(351): CodeIgniter\CodeIgniter->handleRequest(null, Object(Config\Cache), false)
10 FCPATH\index.php(55): CodeIgniter\CodeIgniter->run()
11 SYSTEMPATH\Commands\Server\rewrite.php(43): require_once('FCPATH\\index.php')
CRITICAL - 2022-06-07 09:07:51 --> Undefined property: stdClass::$name
in APPPATH\Views\custom_view.php on line 22.
 1 APPPATH\Views\custom_view.php(22): CodeIgniter\Debug\Exceptions->errorHandler(2, 'Undefined property: stdClass::$name', 'APPPATH\\Views\\custom_view.php', 22)
 2 SYSTEMPATH\View\View.php(213): include('APPPATH\\Views\\custom_view.php')
 3 SYSTEMPATH\View\View.php(216): CodeIgniter\View\View->CodeIgniter\View\{closure}()
 4 SYSTEMPATH\Common.php(1135): CodeIgniter\View\View->render('custom_view', [], true)
 5 APPPATH\Controllers\Employee.php(26): view('custom_view', [...])
 6 APPPATH\Controllers\Evaluator.php(13): App\Controllers\Employee->Employees('1')
 7 SYSTEMPATH\CodeIgniter.php(898): App\Controllers\Evaluator->index('1')
 8 SYSTEMPATH\CodeIgniter.php(468): CodeIgniter\CodeIgniter->runController(Object(App\Controllers\Evaluator))
 9 SYSTEMPATH\CodeIgniter.php(351): CodeIgniter\CodeIgniter->handleRequest(null, Object(Config\Cache), false)
10 FCPATH\index.php(55): CodeIgniter\CodeIgniter->run()
11 SYSTEMPATH\Commands\Server\rewrite.php(43): require_once('FCPATH\\index.php')
CRITICAL - 2022-06-07 09:07:56 --> Undefined property: stdClass::$name
in APPPATH\Views\custom_view.php on line 22.
 1 APPPATH\Views\custom_view.php(22): CodeIgniter\Debug\Exceptions->errorHandler(2, 'Undefined property: stdClass::$name', 'APPPATH\\Views\\custom_view.php', 22)
 2 SYSTEMPATH\View\View.php(213): include('APPPATH\\Views\\custom_view.php')
 3 SYSTEMPATH\View\View.php(216): CodeIgniter\View\View->CodeIgniter\View\{closure}()
 4 SYSTEMPATH\Common.php(1135): CodeIgniter\View\View->render('custom_view', [], true)
 5 APPPATH\Controllers\Employee.php(26): view('custom_view', [...])
 6 APPPATH\Controllers\Evaluator.php(13): App\Controllers\Employee->Employees('1')
 7 SYSTEMPATH\CodeIgniter.php(898): App\Controllers\Evaluator->index('1')
 8 SYSTEMPATH\CodeIgniter.php(468): CodeIgniter\CodeIgniter->runController(Object(App\Controllers\Evaluator))
 9 SYSTEMPATH\CodeIgniter.php(351): CodeIgniter\CodeIgniter->handleRequest(null, Object(Config\Cache), false)
10 FCPATH\index.php(55): CodeIgniter\CodeIgniter->run()
11 SYSTEMPATH\Commands\Server\rewrite.php(43): require_once('FCPATH\\index.php')
CRITICAL - 2022-06-07 09:08:14 --> Undefined property: stdClass::$name
in APPPATH\Views\custom_view.php on line 22.
 1 APPPATH\Views\custom_view.php(22): CodeIgniter\Debug\Exceptions->errorHandler(2, 'Undefined property: stdClass::$name', 'APPPATH\\Views\\custom_view.php', 22)
 2 SYSTEMPATH\View\View.php(213): include('APPPATH\\Views\\custom_view.php')
 3 SYSTEMPATH\View\View.php(216): CodeIgniter\View\View->CodeIgniter\View\{closure}()
 4 SYSTEMPATH\Common.php(1135): CodeIgniter\View\View->render('custom_view', [], true)
 5 APPPATH\Controllers\Employee.php(26): view('custom_view', [...])
 6 APPPATH\Controllers\Evaluator.php(13): App\Controllers\Employee->Employees('1')
 7 SYSTEMPATH\CodeIgniter.php(898): App\Controllers\Evaluator->index('1')
 8 SYSTEMPATH\CodeIgniter.php(468): CodeIgniter\CodeIgniter->runController(Object(App\Controllers\Evaluator))
 9 SYSTEMPATH\CodeIgniter.php(351): CodeIgniter\CodeIgniter->handleRequest(null, Object(Config\Cache), false)
10 FCPATH\index.php(55): CodeIgniter\CodeIgniter->run()
11 SYSTEMPATH\Commands\Server\rewrite.php(43): require_once('FCPATH\\index.php')
CRITICAL - 2022-06-07 09:08:16 --> Undefined property: stdClass::$name
in APPPATH\Views\custom_view.php on line 22.
 1 APPPATH\Views\custom_view.php(22): CodeIgniter\Debug\Exceptions->errorHandler(2, 'Undefined property: stdClass::$name', 'APPPATH\\Views\\custom_view.php', 22)
 2 SYSTEMPATH\View\View.php(213): include('APPPATH\\Views\\custom_view.php')
 3 SYSTEMPATH\View\View.php(216): CodeIgniter\View\View->CodeIgniter\View\{closure}()
 4 SYSTEMPATH\Common.php(1135): CodeIgniter\View\View->render('custom_view', [], true)
 5 APPPATH\Controllers\Employee.php(26): view('custom_view', [...])
 6 APPPATH\Controllers\Evaluator.php(13): App\Controllers\Employee->Employees('1')
 7 SYSTEMPATH\CodeIgniter.php(898): App\Controllers\Evaluator->index('1')
 8 SYSTEMPATH\CodeIgniter.php(468): CodeIgniter\CodeIgniter->runController(Object(App\Controllers\Evaluator))
 9 SYSTEMPATH\CodeIgniter.php(351): CodeIgniter\CodeIgniter->handleRequest(null, Object(Config\Cache), false)
10 FCPATH\index.php(55): CodeIgniter\CodeIgniter->run()
11 SYSTEMPATH\Commands\Server\rewrite.php(43): require_once('FCPATH\\index.php')
CRITICAL - 2022-06-07 09:08:28 --> foreach() argument must be of type array|object, string given
in APPPATH\Views\evaluator\evaluate_employee.php on line 12.
 1 APPPATH\Views\evaluator\evaluate_employee.php(12): CodeIgniter\Debug\Exceptions->errorHandler(2, 'foreach() argument must be of type array|object, string given', 'APPPATH\\Views\\evaluator\\evaluate_employee.php', 12)
 2 SYSTEMPATH\View\View.php(213): include('APPPATH\\Views\\evaluator\\evaluate_employee.php')
 3 SYSTEMPATH\View\View.php(216): CodeIgniter\View\View->CodeIgniter\View\{closure}()
 4 SYSTEMPATH\Common.php(1135): CodeIgniter\View\View->render('evaluator/evaluate_employee', [], true)
 5 APPPATH\Controllers\Evaluator.php(13): view('evaluator/evaluate_employee', [...])
 6 SYSTEMPATH\CodeIgniter.php(898): App\Controllers\Evaluator->index('1')
 7 SYSTEMPATH\CodeIgniter.php(468): CodeIgniter\CodeIgniter->runController(Object(App\Controllers\Evaluator))
 8 SYSTEMPATH\CodeIgniter.php(351): CodeIgniter\CodeIgniter->handleRequest(null, Object(Config\Cache), false)
 9 FCPATH\index.php(55): CodeIgniter\CodeIgniter->run()
10 SYSTEMPATH\Commands\Server\rewrite.php(43): require_once('FCPATH\\index.php')
CRITICAL - 2022-06-07 11:27:16 --> Too few arguments to function App\Controllers\Evaluation::store(), 0 passed in C:\wamp64\www\codeigniter4\system\CodeIgniter.php on line 898 and exactly 1 expected
in APPPATH\Controllers\Evaluation.php on line 13.
 1 SYSTEMPATH\CodeIgniter.php(898): App\Controllers\Evaluation->store()
 2 SYSTEMPATH\CodeIgniter.php(468): CodeIgniter\CodeIgniter->runController(Object(App\Controllers\Evaluation))
 3 SYSTEMPATH\CodeIgniter.php(351): CodeIgniter\CodeIgniter->handleRequest(null, Object(Config\Cache), false)
 4 FCPATH\index.php(55): CodeIgniter\CodeIgniter->run()
 5 SYSTEMPATH\Commands\Server\rewrite.php(43): require_once('FCPATH\\index.php')
CRITICAL - 2022-06-07 11:29:27 --> Undefined property: CodeIgniter\HTTP\IncomingRequest::$data
in APPPATH\Controllers\Evaluation.php on line 14.
 1 APPPATH\Controllers\Evaluation.php(14): CodeIgniter\Debug\Exceptions->errorHandler(2, 'Undefined property: CodeIgniter\\HTTP\\IncomingRequest::$data', 'APPPATH\\Controllers\\Evaluation.php', 14)
 2 SYSTEMPATH\CodeIgniter.php(898): App\Controllers\Evaluation->store()
 3 SYSTEMPATH\CodeIgniter.php(468): CodeIgniter\CodeIgniter->runController(Object(App\Controllers\Evaluation))
 4 SYSTEMPATH\CodeIgniter.php(351): CodeIgniter\CodeIgniter->handleRequest(null, Object(Config\Cache), false)
 5 FCPATH\index.php(55): CodeIgniter\CodeIgniter->run()
 6 SYSTEMPATH\Commands\Server\rewrite.php(43): require_once('FCPATH\\index.php')
CRITICAL - 2022-06-07 11:48:50 --> Implicit conversion from float 2.5833333333333335 to int loses precision
in APPPATH\Controllers\Evaluation.php on line 20.
 1 APPPATH\Controllers\Evaluation.php(20): CodeIgniter\Debug\Exceptions->errorHandler(8192, 'Implicit conversion from float 2.5833333333333335 to int loses precision', 'APPPATH\\Controllers\\Evaluation.php', 20)
 2 SYSTEMPATH\CodeIgniter.php(898): App\Controllers\Evaluation->store()
 3 SYSTEMPATH\CodeIgniter.php(468): CodeIgniter\CodeIgniter->runController(Object(App\Controllers\Evaluation))
 4 SYSTEMPATH\CodeIgniter.php(351): CodeIgniter\CodeIgniter->handleRequest(null, Object(Config\Cache), false)
 5 FCPATH\index.php(55): CodeIgniter\CodeIgniter->run()
 6 SYSTEMPATH\Commands\Server\rewrite.php(43): require_once('FCPATH\\index.php')
CRITICAL - 2022-06-07 12:06:20 --> Undefined array key "ans"
in APPPATH\Controllers\Evaluation.php on line 20.
 1 APPPATH\Controllers\Evaluation.php(20): CodeIgniter\Debug\Exceptions->errorHandler(2, 'Undefined array key "ans"', 'APPPATH\\Controllers\\Evaluation.php', 20)
 2 SYSTEMPATH\CodeIgniter.php(898): App\Controllers\Evaluation->store()
 3 SYSTEMPATH\CodeIgniter.php(468): CodeIgniter\CodeIgniter->runController(Object(App\Controllers\Evaluation))
 4 SYSTEMPATH\CodeIgniter.php(351): CodeIgniter\CodeIgniter->handleRequest(null, Object(Config\Cache), false)
 5 FCPATH\index.php(55): CodeIgniter\CodeIgniter->run()
 6 SYSTEMPATH\Commands\Server\rewrite.php(43): require_once('FCPATH\\index.php')
